<?xml version="1.0" encoding="UTF-8"?>
<!-- Generated by org.testng.reporters.JUnitXMLReporter -->
<testsuite hostname="QA-SarfrajA" ignored="0" tests="4" failures="0" timestamp="12 Oct 2019 07:10:00 GMT" time="24.908" errors="0">
  <testcase name="acheckUserNameExist" time="3.475" classname="TestngDemo"/>
  <testcase name="bcheckGoMohanLinkExist" time="0.231" classname="TestngDemo"/>
  <testcase name="acheckUserNameExist" time="3.192" classname="TestngGogo"/>
  <testcase name="bcheckGoMohanLinkExist" time="0.288" classname="TestngGogo"/>
</testsuite>
