<?xml version="1.0" encoding="UTF-8"?>
<testng-results skipped="0" failed="1" ignored="0" total="1" passed="0">
  <reporter-output>
  </reporter-output>
  <suite name="Default suite" duration-ms="13187" started-at="2019-10-13T16:31:55Z" finished-at="2019-10-13T16:32:08Z">
    <groups>
    </groups>
    <test name="Default test" duration-ms="13187" started-at="2019-10-13T16:31:55Z" finished-at="2019-10-13T16:32:08Z">
      <class name="com.org.main.dz.Login">
        <test-method status="PASS" signature="openbrowser()[pri:0, instance:com.org.main.dz.Login@7823a2f9]" name="openbrowser" is-config="true" duration-ms="13068" started-at="2019-10-13T16:31:55Z" finished-at="2019-10-13T16:32:08Z">
          <reporter-output>
          </reporter-output>
        </test-method> <!-- openbrowser -->
        <test-method status="FAIL" signature="DZlogin()[pri:0, instance:com.org.main.dz.Login@7823a2f9]" name="DZlogin" duration-ms="7" started-at="2019-10-13T16:32:08Z" finished-at="2019-10-13T16:32:08Z">
          <exception class="java.lang.NullPointerException">
            <full-stacktrace>
              <![CDATA[java.lang.NullPointerException
at com.org.main.dz.Login.DZlogin(Login.java:13)
at sun.reflect.NativeMethodAccessorImpl.invoke0(Native Method)
at sun.reflect.NativeMethodAccessorImpl.invoke(Unknown Source)
at sun.reflect.DelegatingMethodAccessorImpl.invoke(Unknown Source)
at java.lang.reflect.Method.invoke(Unknown Source)
at org.testng.internal.MethodInvocationHelper.invokeMethod(MethodInvocationHelper.java:124)
at org.testng.internal.Invoker.invokeMethod(Invoker.java:583)
at org.testng.internal.Invoker.invokeTestMethod(Invoker.java:719)
at org.testng.internal.Invoker.invokeTestMethods(Invoker.java:989)
at org.testng.internal.TestMethodWorker.invokeTestMethods(TestMethodWorker.java:125)
at org.testng.internal.TestMethodWorker.run(TestMethodWorker.java:109)
at org.testng.TestRunner.privateRun(TestRunner.java:648)
at org.testng.TestRunner.run(TestRunner.java:505)
at org.testng.SuiteRunner.runTest(SuiteRunner.java:455)
at org.testng.SuiteRunner.runSequentially(SuiteRunner.java:450)
at org.testng.SuiteRunner.privateRun(SuiteRunner.java:415)
at org.testng.SuiteRunner.run(SuiteRunner.java:364)
at org.testng.SuiteRunnerWorker.runSuite(SuiteRunnerWorker.java:52)
at org.testng.SuiteRunnerWorker.run(SuiteRunnerWorker.java:84)
at org.testng.TestNG.runSuitesSequentially(TestNG.java:1208)
at org.testng.TestNG.runSuitesLocally(TestNG.java:1137)
at org.testng.TestNG.runSuites(TestNG.java:1049)
at org.testng.TestNG.run(TestNG.java:1017)
at org.testng.remote.AbstractRemoteTestNG.run(AbstractRemoteTestNG.java:114)
at org.testng.remote.RemoteTestNG.initAndRun(RemoteTestNG.java:251)
at org.testng.remote.RemoteTestNG.main(RemoteTestNG.java:77)
]]>
            </full-stacktrace>
          </exception> <!-- java.lang.NullPointerException -->
          <reporter-output>
          </reporter-output>
        </test-method> <!-- DZlogin -->
        <test-method status="PASS" signature="closebrowser()[pri:0, instance:com.org.main.dz.Login@7823a2f9]" name="closebrowser" is-config="true" duration-ms="76" started-at="2019-10-13T16:32:08Z" finished-at="2019-10-13T16:32:08Z">
          <reporter-output>
          </reporter-output>
        </test-method> <!-- closebrowser -->
      </class> <!-- com.org.main.dz.Login -->
    </test> <!-- Default test -->
  </suite> <!-- Default suite -->
</testng-results>
